<?xml version="1.0" encoding="UTF-8"?>
<!-- Generated by org.testng.reporters.JUnitXMLReporter -->
<testsuite hostname="ATMECSINLT-939" ignored="0" name="Default test" tests="4" failures="0" timestamp="2023-05-04T21:44:05 IST" time="6.866" errors="0">
  <testcase name="testPostUser" time="3.473" classname="api.test.Tests"/>
  <testcase name="testGetRequest" time="0.276" classname="api.test.Tests"/>
  <testcase name="testPutRequest" time="0.679" classname="api.test.Tests"/>
  <testcase name="testDeleteRequest" time="0.814" classname="api.test.Tests"/>
</testsuite> <!-- Default test -->
