<?xml version="1.0" encoding="UTF-8"?>
<testng-results skipped="0" failed="0" ignored="0" total="4" passed="4">
  <reporter-output>
  </reporter-output>
  <suite name="Default suite" duration-ms="6866" started-at="2023-05-04T21:43:58 IST" finished-at="2023-05-04T21:44:05 IST">
    <groups>
    </groups>
    <test name="Default test" duration-ms="6866" started-at="2023-05-04T21:43:58 IST" finished-at="2023-05-04T21:44:05 IST">
      <class name="api.test.Tests">
        <test-method status="PASS" signature="setupData()[pri:0, instance:api.test.Tests@3e57cd70]" name="setupData" is-config="true" duration-ms="804" started-at="2023-05-04T21:43:58 IST" finished-at="2023-05-04T21:43:59 IST">
          <reporter-output>
          </reporter-output>
        </test-method> <!-- setupData -->
        <test-method status="PASS" signature="testPostUser(java.lang.String,java.lang.String)[pri:0, instance:api.test.Tests@3e57cd70]" name="testPostUser" duration-ms="3473" started-at="2023-05-04T21:44:00 IST" data-provider="Data" finished-at="2023-05-04T21:44:03 IST">
          <params>
            <param index="0">
              <value>
                <![CDATA[indira]]>
              </value>
            </param>
            <param index="1">
              <value>
                <![CDATA[engineer]]>
              </value>
            </param>
          </params>
          <reporter-output>
          </reporter-output>
        </test-method> <!-- testPostUser -->
        <test-method status="PASS" signature="testGetRequest()[pri:1, instance:api.test.Tests@3e57cd70]" name="testGetRequest" duration-ms="276" started-at="2023-05-04T21:44:03 IST" finished-at="2023-05-04T21:44:03 IST">
          <reporter-output>
          </reporter-output>
        </test-method> <!-- testGetRequest -->
        <test-method status="PASS" signature="testPutRequest()[pri:3, instance:api.test.Tests@3e57cd70]" name="testPutRequest" duration-ms="679" started-at="2023-05-04T21:44:03 IST" finished-at="2023-05-04T21:44:04 IST">
          <reporter-output>
          </reporter-output>
        </test-method> <!-- testPutRequest -->
        <test-method status="PASS" signature="testDeleteRequest()[pri:4, instance:api.test.Tests@3e57cd70]" name="testDeleteRequest" duration-ms="814" started-at="2023-05-04T21:44:04 IST" finished-at="2023-05-04T21:44:05 IST">
          <reporter-output>
          </reporter-output>
        </test-method> <!-- testDeleteRequest -->
      </class> <!-- api.test.Tests -->
    </test> <!-- Default test -->
  </suite> <!-- Default suite -->
</testng-results>
