<?xml version="1.0" encoding="UTF-8"?>
<!-- Generated by org.testng.reporters.JUnitXMLReporter -->
<testsuite hostname="ATMECSINLT-939" ignored="0" name="ReqresTest" tests="4" failures="0" timestamp="2023-05-04T18:32:09 IST" time="8.244" errors="0">
  <testcase name="testPostUser" time="4.011" classname="api.test.Tests"/>
  <testcase name="testGetRequest" time="0.525" classname="api.test.Tests"/>
  <testcase name="testPutRequest" time="0.746" classname="api.test.Tests"/>
  <testcase name="testDeleteRequest" time="0.771" classname="api.test.Tests"/>
</testsuite> <!-- ReqresTest -->
